生成启动时间为 2016/1/4 17:32:03。
     1>项目“D:\so_tts\tts-第一版\ttsdll\ttsdll\ttsdll\ttsdll.vcxproj”在节点 2 上(Rebuild 个目标)。
     1>ClCompile:
         C:\Program Files (x86)\Microsoft Visual Studio 12.0\VC\bin\CL.exe /c /I"C:\Program Files (x86)\Visual Leak Detector\include" /Zi /nologo /W3 /WX- /sdl /O2 /Oi /Oy- /GL /D WIN32 /D NDEBUG /D _WINDOWS /D _USRDLL /D TTSDLL_EXPORTS /D _CRT_SECURE_NO_WARNINGS /D _WINDLL /D _UNICODE /D UNICODE /Gm- /EHsc /MT /GS /Gy /fp:precise /Zc:wchar_t /Zc:forScope /Fo"Release\\" /Fd"Release\vc120.pdb" /Gd /TP /analyze- /errorReport:prompt Char2Pinyin.cpp getLabel.cpp HTS_audio.cpp HTS_engine.cpp HTS_gstream.cpp HTS_label.cpp HTS_misc.cpp HTS_model.cpp HTS_pstream.cpp HTS_sstream.cpp HTS_vocoder.cpp inter_lib.cpp ProsodicAnalysis.cpp str_fun.cpp Table.cpp Vocoder.cpp
         Char2Pinyin.cpp
     1>Char2Pinyin.cpp(359): warning C4018: “<”: 有符号/无符号不匹配
     1>Char2Pinyin.cpp(362): warning C4018: “<”: 有符号/无符号不匹配
     1>Char2Pinyin.cpp(379): warning C4018: “<”: 有符号/无符号不匹配
     1>Char2Pinyin.cpp(381): warning C4018: “<”: 有符号/无符号不匹配
     1>Char2Pinyin.cpp(333): warning C4101: “vec_len”: 未引用的局部变量
     1>Char2Pinyin.cpp(441): warning C4018: “<”: 有符号/无符号不匹配
     1>Char2Pinyin.cpp(443): warning C4018: “<”: 有符号/无符号不匹配
         getLabel.cpp
         HTS_audio.cpp
         HTS_engine.cpp
         HTS_gstream.cpp
         HTS_label.cpp
         HTS_misc.cpp
         HTS_model.cpp
         HTS_pstream.cpp
         HTS_sstream.cpp
         HTS_vocoder.cpp
         inter_lib.cpp
     1>inter_lib.cpp(231): warning C4101: “teof”: 未引用的局部变量
     1>inter_lib.cpp(585): warning C4101: “teof”: 未引用的局部变量
         ProsodicAnalysis.cpp
         str_fun.cpp
         Table.cpp
     1>Table.cpp(19): warning C4018: “<”: 有符号/无符号不匹配
     1>Table.cpp(25): warning C4018: “<”: 有符号/无符号不匹配
         Vocoder.cpp
     1>Vocoder.cpp(1845): warning C4244: “初始化”: 从“double”转换到“int”，可能丢失数据
     1>Vocoder.cpp(1888): warning C4244: “=”: 从“double”转换到“int”，可能丢失数据
     1>Vocoder.cpp(1839): warning C4101: “pbuff”: 未引用的局部变量
       Link:
         C:\Program Files (x86)\Microsoft Visual Studio 12.0\VC\bin\link.exe /ERRORREPORT:PROMPT /OUT:"D:\so_tts\tts-第一版\ttsdll\ttsdll\Release\ttsdll.dll" /INCREMENTAL:NO /NOLOGO /LIBPATH:"C:\Program Files (x86)\Visual Leak Detector\lib\Win32" /MANIFEST /MANIFESTUAC:"level='asInvoker' uiAccess='false'" /manifest:embed /manifestinput:"C:\Program Files (x86)\Microsoft Visual Studio 12.0\VC\Include\Manifest\dpiaware.manifest" /DEBUG /PDB:"D:\so_tts\tts-第一版\ttsdll\ttsdll\Release\ttsdll.pdb" /SUBSYSTEM:WINDOWS /OPT:REF /OPT:ICF /LTCG /TLBID:1 /DYNAMICBASE /NXCOMPAT /IMPLIB:"D:\so_tts\tts-第一版\ttsdll\ttsdll\Release\ttsdll.lib" /MACHINE:X86 /SAFESEH /DLL Release\Char2Pinyin.obj
         Release\getLabel.obj
         Release\HTS_audio.obj
         Release\HTS_engine.obj
         Release\HTS_gstream.obj
         Release\HTS_label.obj
         Release\HTS_misc.obj
         Release\HTS_model.obj
         Release\HTS_pstream.obj
         Release\HTS_sstream.obj
         Release\HTS_vocoder.obj
         Release\inter_lib.obj
         Release\ProsodicAnalysis.obj
         Release\str_fun.obj
         Release\Table.obj
         Release\Vocoder.obj
            正在创建库 D:\so_tts\tts-第一版\ttsdll\ttsdll\Release\ttsdll.lib 和对象 D:\so_tts\tts-第一版\ttsdll\ttsdll\Release\ttsdll.exp
         正在生成代码
         已完成代码的生成
         ttsdll.vcxproj -> D:\so_tts\tts-第一版\ttsdll\ttsdll\Release\ttsdll.dll
     1>已完成生成项目“D:\so_tts\tts-第一版\ttsdll\ttsdll\ttsdll\ttsdll.vcxproj”(Rebuild 个目标)的操作。

生成成功。

已用时间 00:00:05.00
