d:\so_tts\src-合成器代码\src-dll\ttsdll - 添加pre_pro -vs2013\ttsdll\ttsdll\debug\vc120.pdb
d:\so_tts\src-合成器代码\src-dll\ttsdll - 添加pre_pro -vs2013\ttsdll\ttsdll\debug\vc120.idb
d:\so_tts\src-合成器代码\src-dll\ttsdll - 添加pre_pro -vs2013\ttsdll\ttsdll\debug\char2pinyin.obj
d:\so_tts\src-合成器代码\src-dll\ttsdll - 添加pre_pro -vs2013\ttsdll\ttsdll\debug\getlabel.obj
d:\so_tts\src-合成器代码\src-dll\ttsdll - 添加pre_pro -vs2013\ttsdll\ttsdll\debug\hts_audio.obj
d:\so_tts\src-合成器代码\src-dll\ttsdll - 添加pre_pro -vs2013\ttsdll\ttsdll\debug\hts_engine.obj
d:\so_tts\src-合成器代码\src-dll\ttsdll - 添加pre_pro -vs2013\ttsdll\ttsdll\debug\hts_gstream.obj
d:\so_tts\src-合成器代码\src-dll\ttsdll - 添加pre_pro -vs2013\ttsdll\ttsdll\debug\hts_label.obj
d:\so_tts\src-合成器代码\src-dll\ttsdll - 添加pre_pro -vs2013\ttsdll\ttsdll\debug\hts_misc.obj
d:\so_tts\src-合成器代码\src-dll\ttsdll - 添加pre_pro -vs2013\ttsdll\ttsdll\debug\hts_model.obj
d:\so_tts\src-合成器代码\src-dll\ttsdll - 添加pre_pro -vs2013\ttsdll\ttsdll\debug\hts_pstream.obj
d:\so_tts\src-合成器代码\src-dll\ttsdll - 添加pre_pro -vs2013\ttsdll\ttsdll\debug\hts_sstream.obj
d:\so_tts\src-合成器代码\src-dll\ttsdll - 添加pre_pro -vs2013\ttsdll\ttsdll\debug\hts_vocoder.obj
d:\so_tts\src-合成器代码\src-dll\ttsdll - 添加pre_pro -vs2013\ttsdll\ttsdll\debug\inter_lib.obj
d:\so_tts\src-合成器代码\src-dll\ttsdll - 添加pre_pro -vs2013\ttsdll\ttsdll\debug\str_fun.obj
d:\so_tts\src-合成器代码\src-dll\ttsdll - 添加pre_pro -vs2013\ttsdll\ttsdll\debug\table.obj
d:\so_tts\src-合成器代码\src-dll\ttsdll - 添加pre_pro -vs2013\ttsdll\ttsdll\debug\vocoder.obj
d:\so_tts\src-合成器代码\src-dll\ttsdll - 添加pre_pro -vs2013\ttsdll\ttsdll\debug\ttsdll.tlog\cl.command.1.tlog
d:\so_tts\src-合成器代码\src-dll\ttsdll - 添加pre_pro -vs2013\ttsdll\ttsdll\debug\ttsdll.tlog\cl.read.1.tlog
d:\so_tts\src-合成器代码\src-dll\ttsdll - 添加pre_pro -vs2013\ttsdll\ttsdll\debug\ttsdll.tlog\cl.write.1.tlog
